<?xml version="1.0" encoding="UTF-8"?>
<!-- Generated by org.testng.reporters.JUnitReportReporter -->
<testsuite hostname="Vina-Laptop" failures="0" tests="1" name="restAssuredTest.Get_Request" time="2.230" errors="0" timestamp="2025-01-09T13:10:45 IST" skipped="0">
  <testcase classname="restAssuredTest.Get_Request" name="validateAPIResponse" time="2.230"/>
</testsuite> <!-- restAssuredTest.Get_Request -->
