<?xml version="1.0" encoding="UTF-8"?>
<!-- Generated by org.testng.reporters.JUnitReportReporter -->
<testsuite hostname="Vina-Laptop" failures="0" tests="1" name="com.ebay.test.AddBookToCart" time="13.358" errors="0" timestamp="2025-01-09T08:49:32 IST" skipped="0">
  <testcase classname="com.ebay.test.AddBookToCart" name="AddABookToCart" time="13.358"/>
  <system-out/>
</testsuite> <!-- com.ebay.test.AddBookToCart -->
