<?xml version="1.0" encoding="UTF-8"?>
<!-- Generated by org.testng.reporters.JUnitReportReporter -->
<testsuite hostname="Vina-Laptop" failures="0" tests="1" name="com.ebay.AddBookToCart" time="14.277" errors="0" timestamp="2025-01-09T08:47:43 IST" skipped="0">
  <testcase classname="com.ebay.AddBookToCart" name="AddABookToCart" time="14.277"/>
  <system-out/>
</testsuite> <!-- com.ebay.AddBookToCart -->
